<?xml version="1.0" encoding="UTF-8"?>
<testng-results ignored="0" total="2" passed="1" failed="1" skipped="0">
  <reporter-output>
  </reporter-output>
  <suite started-at="2019-08-20T16:30:47Z" name="AmazonTestSuite" finished-at="2019-08-20T16:30:57Z" duration-ms="9528">
    <groups>
    </groups>
    <test started-at="2019-08-20T16:30:47Z" name="AmazonHomepageTest" finished-at="2019-08-20T16:30:57Z" duration-ms="9528">
      <class name="in.amazon.test.HomepageTests">
        <test-method is-config="true" signature="beforeSuite()[pri:0, instance:in.amazon.test.HomepageTests@3d36e4cd]" started-at="2019-08-20T16:30:47Z" name="beforeSuite" finished-at="2019-08-20T16:30:47Z" duration-ms="88" status="PASS">
          <reporter-output>
          </reporter-output>
        </test-method> <!-- beforeSuite -->
        <test-method is-config="true" signature="setup()[pri:0, instance:in.amazon.test.HomepageTests@3d36e4cd]" started-at="2019-08-20T16:30:47Z" name="setup" finished-at="2019-08-20T16:30:53Z" duration-ms="5585" status="PASS">
          <reporter-output>
          </reporter-output>
        </test-method> <!-- setup -->
        <test-method signature="verifyTitleOfThePage()[pri:0, instance:in.amazon.test.HomepageTests@3d36e4cd]" started-at="2019-08-20T16:30:53Z" name="verifyTitleOfThePage" finished-at="2019-08-20T16:30:53Z" duration-ms="20" status="FAIL">
          <exception class="java.lang.AssertionError">
            <message>
              <![CDATA[expected [Amazon Home Page] but found [Amazon.com: Online Shopping for Electronics, Apparel, Computers, Books, DVDs & more]]]>
            </message>
            <full-stacktrace>
              <![CDATA[java.lang.AssertionError: expected [Amazon Home Page] but found [Amazon.com: Online Shopping for Electronics, Apparel, Computers, Books, DVDs & more]
at org.testng.Assert.fail(Assert.java:96)
at org.testng.Assert.failNotEquals(Assert.java:776)
at org.testng.Assert.assertEqualsImpl(Assert.java:137)
at org.testng.Assert.assertEquals(Assert.java:118)
at org.testng.Assert.assertEquals(Assert.java:453)
at org.testng.Assert.assertEquals(Assert.java:463)
at in.amazon.test.HomepageTests.verifyTitleOfThePage(HomepageTests.java:27)
at java.base/jdk.internal.reflect.NativeMethodAccessorImpl.invoke0(Native Method)
at java.base/jdk.internal.reflect.NativeMethodAccessorImpl.invoke(NativeMethodAccessorImpl.java:62)
at java.base/jdk.internal.reflect.DelegatingMethodAccessorImpl.invoke(DelegatingMethodAccessorImpl.java:43)
at java.base/java.lang.reflect.Method.invoke(Method.java:567)
at org.testng.internal.MethodInvocationHelper.invokeMethod(MethodInvocationHelper.java:124)
at org.testng.internal.Invoker.invokeMethod(Invoker.java:583)
at org.testng.internal.Invoker.invokeTestMethod(Invoker.java:719)
at org.testng.internal.Invoker.invokeTestMethods(Invoker.java:989)
at org.testng.internal.TestMethodWorker.invokeTestMethods(TestMethodWorker.java:125)
at org.testng.internal.TestMethodWorker.run(TestMethodWorker.java:109)
at org.testng.TestRunner.privateRun(TestRunner.java:648)
at org.testng.TestRunner.run(TestRunner.java:505)
at org.testng.SuiteRunner.runTest(SuiteRunner.java:455)
at org.testng.SuiteRunner.runSequentially(SuiteRunner.java:450)
at org.testng.SuiteRunner.privateRun(SuiteRunner.java:415)
at org.testng.SuiteRunner.run(SuiteRunner.java:364)
at org.testng.SuiteRunnerWorker.runSuite(SuiteRunnerWorker.java:52)
at org.testng.SuiteRunnerWorker.run(SuiteRunnerWorker.java:84)
at org.testng.TestNG.runSuitesSequentially(TestNG.java:1208)
at org.testng.TestNG.runSuitesLocally(TestNG.java:1137)
at org.testng.TestNG.runSuites(TestNG.java:1049)
at org.testng.TestNG.run(TestNG.java:1017)
at org.apache.maven.surefire.testng.TestNGExecutor.run(TestNGExecutor.java:283)
at org.apache.maven.surefire.testng.TestNGXmlTestSuite.execute(TestNGXmlTestSuite.java:75)
at org.apache.maven.surefire.testng.TestNGProvider.invoke(TestNGProvider.java:120)
at org.apache.maven.surefire.booter.ForkedBooter.invokeProviderInSameClassLoader(ForkedBooter.java:384)
at org.apache.maven.surefire.booter.ForkedBooter.runSuitesInProcess(ForkedBooter.java:345)
at org.apache.maven.surefire.booter.ForkedBooter.execute(ForkedBooter.java:126)
at org.apache.maven.surefire.booter.ForkedBooter.main(ForkedBooter.java:418)
]]>
            </full-stacktrace>
          </exception> <!-- java.lang.AssertionError -->
          <reporter-output>
          </reporter-output>
        </test-method> <!-- verifyTitleOfThePage -->
        <test-method is-config="true" signature="afterATestcase(org.testng.ITestResult)[pri:0, instance:in.amazon.test.HomepageTests@3d36e4cd]" started-at="2019-08-20T16:30:53Z" name="afterATestcase" finished-at="2019-08-20T16:30:54Z" duration-ms="875" status="PASS">
          <params>
            <param index="0">
              <value>
                <![CDATA[[TestResult name=verifyTitleOfThePage status=FAILURE method=HomepageTests.verifyTitleOfThePage()[pri:0, instance:in.amazon.test.HomepageTests@3d36e4cd] output={null}]]]>
              </value>
            </param>
          </params>
          <reporter-output>
          </reporter-output>
        </test-method> <!-- afterATestcase -->
        <test-method signature="verifyProduct()[pri:1000, instance:in.amazon.test.HomepageTests@3d36e4cd]" started-at="2019-08-20T16:30:54Z" name="verifyProduct" finished-at="2019-08-20T16:30:56Z" duration-ms="2431" status="PASS">
          <reporter-output>
          </reporter-output>
        </test-method> <!-- verifyProduct -->
        <test-method is-config="true" signature="afterATestcase(org.testng.ITestResult)[pri:0, instance:in.amazon.test.HomepageTests@3d36e4cd]" started-at="2019-08-20T16:30:56Z" name="afterATestcase" finished-at="2019-08-20T16:30:56Z" duration-ms="0" status="PASS">
          <params>
            <param index="0">
              <value>
                <![CDATA[[TestResult name=verifyProduct status=SUCCESS method=HomepageTests.verifyProduct()[pri:1000, instance:in.amazon.test.HomepageTests@3d36e4cd] output={null}]]]>
              </value>
            </param>
          </params>
          <reporter-output>
          </reporter-output>
        </test-method> <!-- afterATestcase -->
        <test-method is-config="true" signature="cleanUp()[pri:0, instance:in.amazon.test.HomepageTests@3d36e4cd]" started-at="2019-08-20T16:30:56Z" name="cleanUp" finished-at="2019-08-20T16:30:57Z" duration-ms="603" status="PASS">
          <reporter-output>
          </reporter-output>
        </test-method> <!-- cleanUp -->
        <test-method is-config="true" signature="postCleanup()[pri:0, instance:in.amazon.test.HomepageTests@3d36e4cd]" started-at="2019-08-20T16:30:57Z" name="postCleanup" finished-at="2019-08-20T16:30:57Z" duration-ms="182" status="PASS">
          <reporter-output>
          </reporter-output>
        </test-method> <!-- postCleanup -->
      </class> <!-- in.amazon.test.HomepageTests -->
    </test> <!-- AmazonHomepageTest -->
  </suite> <!-- AmazonTestSuite -->
</testng-results>
